<?xml version="1.0" encoding="UTF-8" ?>
<testsuites>
  <testsuite errors="0" failures="0" hostname="bizdes034" id="0" name="AdminControllerTests" package="com.admin" tests="1" time="2.781" timestamp="2016-02-04T16:20:05">
      <properties />

      <testcase classname="com.admin.AdminControllerTests" name="testSomething" time="2.547" />

      <system-out><![CDATA[--Output from testSomething--
]]></system-out>

      <system-err><![CDATA[--Output from testSomething--
]]></system-err>

  </testsuite>
  <testsuite errors="0" failures="0" hostname="bizdes034" id="1" name="ResearcherControllerTests" package="com.researcher" tests="1" time="1.359" timestamp="2016-02-04T16:20:08">
      <properties />

      <testcase classname="com.researcher.ResearcherControllerTests" name="testSomething" time="1.031" />

      <system-out><![CDATA[--Output from testSomething--
]]></system-out>

      <system-err><![CDATA[--Output from testSomething--
]]></system-err>

  </testsuite>
  <testsuite errors="0" failures="0" hostname="bizdes034" id="2" name="IdealPriceFormulaTests" package="prizy" tests="1" time="0.89" timestamp="2016-02-04T16:20:09">
      <properties />

      <testcase classname="prizy.IdealPriceFormulaTests" name="testSomething" time="0.765" />

      <system-out><![CDATA[--Output from testSomething--
]]></system-out>

      <system-err><![CDATA[--Output from testSomething--
]]></system-err>

  </testsuite>
  <testsuite errors="0" failures="0" hostname="bizdes034" id="3" name="PricesTests" package="prizy" tests="1" time="0.391" timestamp="2016-02-04T16:20:10">
      <properties />

      <testcase classname="prizy.PricesTests" name="testSomething" time="0.187" />

      <system-out><![CDATA[--Output from testSomething--
]]></system-out>

      <system-err><![CDATA[--Output from testSomething--
]]></system-err>

  </testsuite>
  <testsuite errors="0" failures="0" hostname="bizdes034" id="4" name="ProductTests" package="prizy" tests="1" time="0.687" timestamp="2016-02-04T16:20:11">
      <properties />

      <testcase classname="prizy.ProductTests" name="setupSpec" time="0.687" />

      <system-out><![CDATA[--Output from setupSpec--
]]></system-out>

      <system-err><![CDATA[--Output from setupSpec--
]]></system-err>

  </testsuite>
</testsuites>
