<?xml version="1.0" encoding="UTF-8" ?>
<testsuites>
  <testsuite errors="0" failures="0" hostname="Ale-Esc-PC" id="0" name="AdminControllerSpec" package="prizy" tests="3" time="2.281" timestamp="2016-02-07T16:22:59">
      <properties />

      <testcase classname="prizy.AdminControllerSpec" name="Product First Row" time="1.203" />

      <testcase classname="prizy.AdminControllerSpec" name="Product Find with criteria" time="0.641" />

      <testcase classname="prizy.AdminControllerSpec" name="Ideal Price Formula Find First Id" time="0.125" />

      <system-out><![CDATA[--Output from Product First Row--
--Output from Product Find with criteria--
--Output from Ideal Price Formula Find First Id--
]]></system-out>

      <system-err><![CDATA[--Output from Product First Row--
--Output from Product Find with criteria--
--Output from Ideal Price Formula Find First Id--
]]></system-err>

  </testsuite>
  <testsuite errors="0" failures="0" hostname="Ale-Esc-PC" id="1" name="ResearcherControllerSpec" package="prizy" tests="1" time="0.359" timestamp="2016-02-07T16:23:02">
      <properties />

      <testcase classname="prizy.ResearcherControllerSpec" name="We must get the calculated data for the first product" time="0.328" />

      <system-out><![CDATA[--Output from We must get the calculated data for the first product--
]]></system-out>

      <system-err><![CDATA[--Output from We must get the calculated data for the first product--
]]></system-err>

  </testsuite>
</testsuites>
