<?xml version="1.0" encoding="UTF-8" ?>
<testsuites>
  <testsuite errors="0" failures="0" hostname="Ale-Esc-PC" id="0" name="AdminControllerSpec" package="prizy" tests="3" time="1.312" timestamp="2016-02-14T16:11:58">
      <properties />

      <testcase classname="prizy.AdminControllerSpec" name="Product First Row" time="0.672" />

      <testcase classname="prizy.AdminControllerSpec" name="Product Find with criteria" time="0.438" />

      <testcase classname="prizy.AdminControllerSpec" name="Ideal Price Formula Find First Id" time="0.062" />

      <system-out><![CDATA[--Output from Product First Row--
--Output from Product Find with criteria--
--Output from Ideal Price Formula Find First Id--
]]></system-out>

      <system-err><![CDATA[--Output from Product First Row--
--Output from Product Find with criteria--
--Output from Ideal Price Formula Find First Id--
]]></system-err>

  </testsuite>
  <testsuite errors="1" failures="0" hostname="Ale-Esc-PC" id="1" name="ResearcherControllerSpec" package="prizy" tests="2" time="0.641" timestamp="2016-02-14T16:12:00">
      <properties />

      <testcase classname="prizy.ResearcherControllerSpec" name="We must get the calculated data for the first product" time="0.11" />

      <testcase classname="prizy.ResearcherControllerSpec" name="Ideal Price Strategy" time="0.531">
          <error message="No signature of method: java.math.BigDecimal.round() is applicable for argument types: (java.lang.Integer) values: [2]&#xa;Possible solutions: round(java.math.MathContext), find(), pow(int), power(java.lang.Integer), and(java.lang.Number), find(groovy.lang.Closure)" type="groovy.lang.MissingMethodException">groovy.lang.MissingMethodException: No signature of method: java.math.BigDecimal.round() is applicable for argument types: (java.lang.Integer) values: [2]
Possible solutions: round(java.math.MathContext), find(), pow(int), power(java.lang.Integer), and(java.lang.Number), find(groovy.lang.Closure)
	at prizy.ResearcherControllerSpec.Ideal Price Strategy(ResearcherControllerSpec.groovy:56)
</error>

      </testcase>

      <system-out><![CDATA[--Output from We must get the calculated data for the first product--
--Output from Ideal Price Strategy--
]]></system-out>

      <system-err><![CDATA[--Output from We must get the calculated data for the first product--
--Output from Ideal Price Strategy--
]]></system-err>

  </testsuite>
</testsuites>
