<?xml version="1.0" encoding="UTF-8" ?>
<testsuites>
  <testsuite errors="1" failures="0" hostname="Ale-Esc-PC" id="0" name="AdminControllerTests" package="com.admin" tests="1" time="5.0" timestamp="2016-02-04T02:48:08">
      <properties />

      <testcase classname="com.admin.AdminControllerTests" name="$spock_feature_0_0" time="4.641">
          <error message="No signature of method: prizy.Product.methodMissing() is applicable for argument types: () values: []" type="groovy.lang.MissingMethodException">groovy.lang.MissingMethodException: No signature of method: prizy.Product.methodMissing() is applicable for argument types: () values: []
	at com.admin.AdminController.index(AdminController.groovy:12)
	at com.admin.AdminControllerTests.$spock_feature_0_0(AdminControllerTests.groovy:19)
</error>

      </testcase>

      <system-out><![CDATA[--Output from $spock_feature_0_0--
]]></system-out>

      <system-err><![CDATA[--Output from $spock_feature_0_0--
]]></system-err>

  </testsuite>
  <testsuite errors="0" failures="1" hostname="Ale-Esc-PC" id="1" name="ResearcherControllerTests" package="com.researcher" tests="1" time="2.453" timestamp="2016-02-04T02:48:13">
      <properties />

      <testcase classname="com.researcher.ResearcherControllerTests" name="testSomething" time="0.953">
          <failure message="java.lang.AssertionError: Implement me" type="junit.framework.AssertionFailedError">junit.framework.AssertionFailedError: java.lang.AssertionError: Implement me
	at com.researcher.ResearcherControllerTests.testSomething(ResearcherControllerTests.groovy:15)
</failure>

      </testcase>

      <system-out><![CDATA[--Output from testSomething--
]]></system-out>

      <system-err><![CDATA[--Output from testSomething--
]]></system-err>

  </testsuite>
  <testsuite errors="0" failures="1" hostname="Ale-Esc-PC" id="2" name="IdealPriceFormulaTests" package="prizy" tests="1" time="1.844" timestamp="2016-02-04T02:48:16">
      <properties />

      <testcase classname="prizy.IdealPriceFormulaTests" name="testSomething" time="1.422">
          <failure message="java.lang.AssertionError: Implement me" type="junit.framework.AssertionFailedError">junit.framework.AssertionFailedError: java.lang.AssertionError: Implement me
	at prizy.IdealPriceFormulaTests.testSomething(IdealPriceFormulaTests.groovy:15)
</failure>

      </testcase>

      <system-out><![CDATA[--Output from testSomething--
]]></system-out>

      <system-err><![CDATA[--Output from testSomething--
]]></system-err>

  </testsuite>
  <testsuite errors="0" failures="1" hostname="Ale-Esc-PC" id="3" name="PricesTests" package="prizy" tests="1" time="0.937" timestamp="2016-02-04T02:48:18">
      <properties />

      <testcase classname="prizy.PricesTests" name="testSomething" time="0.438">
          <failure message="java.lang.AssertionError: Implement me" type="junit.framework.AssertionFailedError">junit.framework.AssertionFailedError: java.lang.AssertionError: Implement me
	at prizy.PricesTests.testSomething(PricesTests.groovy:15)
</failure>

      </testcase>

      <system-out><![CDATA[--Output from testSomething--
]]></system-out>

      <system-err><![CDATA[--Output from testSomething--
]]></system-err>

  </testsuite>
  <testsuite errors="0" failures="1" hostname="Ale-Esc-PC" id="4" name="ProductTests" package="prizy" tests="1" time="1.469" timestamp="2016-02-04T02:48:19">
      <properties />

      <testcase classname="prizy.ProductTests" name="testSomething" time="1.469">
          <failure message="java.lang.AssertionError: Implement me" type="junit.framework.AssertionFailedError">junit.framework.AssertionFailedError: java.lang.AssertionError: Implement me
	at prizy.ProductTests.testSomething(ProductTests.groovy:15)
</failure>

      </testcase>

      <system-out><![CDATA[--Output from testSomething--
]]></system-out>

      <system-err><![CDATA[--Output from testSomething--
]]></system-err>

  </testsuite>
</testsuites>
